#-----------------------------------------------------------
# Vivado v2020.1 (64-bit)
# SW Build 2902540 on Wed May 27 19:54:49 MDT 2020
# IP Build 2902112 on Wed May 27 22:43:36 MDT 2020
# Start of session at: Thu Jan  7 18:04:31 2021
# Process ID: 7184
# Current directory: E:/pika_ball_sample/pikachu
# Command line: vivado.exe -gui_launcher_event rodinguilauncherevent4044 E:\pika_ball_sample\pikachu\pika0106.xpr
# Log file: E:/pika_ball_sample/pikachu/vivado.log
# Journal file: E:/pika_ball_sample/pikachu\vivado.jou
#-----------------------------------------------------------
start_gui
open_project E:/pika_ball_sample/pikachu/pika0106.xpr
Scanning sources...
Finished scanning sources
INFO: [IP_Flow 19-234] Refreshing IP repositories
INFO: [IP_Flow 19-1704] No user IP repositories specified
INFO: [IP_Flow 19-2313] Loaded Vivado IP repository 'C:/Xilinx/Vivado/2020.1/data/ip'.
update_compile_order -fileset sources_1
open_hw_manager
connect_hw_server -allow_non_jtag
INFO: [Labtools 27-2285] Connecting to hw_server url TCP:localhost:3121
INFO: [Labtools 27-2222] Launching hw_server...
INFO: [Labtools 27-2221] Launch Output:

****** Xilinx hw_server v2020.1
  **** Build date : May 27 2020 at 20:24:38
    ** Copyright 1986-2020 Xilinx, Inc. All Rights Reserved.


INFO: [Labtools 27-3415] Connecting to cs_server url TCP:localhost:3042
INFO: [Labtools 27-3417] Launching cs_server...
INFO: [Labtools 27-2221] Launch Output:


****** Xilinx cs_server v2020.1.0
  **** Build date : May 14 2020-09:10:29
    ** Copyright 2017-2020 Xilinx, Inc. All Rights Reserved.



connect_hw_server: Time (s): cpu = 00:00:02 ; elapsed = 00:00:09 . Memory (MB): peak = 1190.922 ; gain = 0.000
open_hw_target
INFO: [Labtoolstcl 44-466] Opening hw_target localhost:3121/xilinx_tcf/Digilent/210319A43941A
set_property PROGRAM.FILE {E:/pika_ball_sample/pikachu/pika0106.runs/impl_1/lab10.bit} [get_hw_devices xc7a35t_0]
current_hw_device [get_hw_devices xc7a35t_0]
refresh_hw_device -update_hw_probes false [lindex [get_hw_devices xc7a35t_0] 0]
INFO: [Labtools 27-1434] Device xc7a35t (JTAG device index = 0) is programmed with a design that has no supported debug core(s) in it.
set_property PROBES.FILE {} [get_hw_devices xc7a35t_0]
set_property FULL_PROBES.FILE {} [get_hw_devices xc7a35t_0]
set_property PROGRAM.FILE {E:/pika_ball_sample/pikachu/pika0106.runs/impl_1/lab10.bit} [get_hw_devices xc7a35t_0]
program_hw_devices [get_hw_devices xc7a35t_0]
INFO: [Labtools 27-3164] End of startup status: HIGH
refresh_hw_device [lindex [get_hw_devices xc7a35t_0] 0]
INFO: [Labtools 27-1434] Device xc7a35t (JTAG device index = 0) is programmed with a design that has no supported debug core(s) in it.
set_property PROBES.FILE {} [get_hw_devices xc7a35t_0]
set_property FULL_PROBES.FILE {} [get_hw_devices xc7a35t_0]
set_property PROGRAM.FILE {E:/pika_ball_sample/pikachu/pika0106.runs/impl_1/lab10.bit} [get_hw_devices xc7a35t_0]
program_hw_devices [get_hw_devices xc7a35t_0]
INFO: [Labtools 27-3164] End of startup status: HIGH
refresh_hw_device [lindex [get_hw_devices xc7a35t_0] 0]
INFO: [Labtools 27-1434] Device xc7a35t (JTAG device index = 0) is programmed with a design that has no supported debug core(s) in it.
close_project
open_project E:/pika_ball_sample/pikachu/pika0106.xpr
Scanning sources...
Finished scanning sources
INFO: [IP_Flow 19-234] Refreshing IP repositories
INFO: [IP_Flow 19-1704] No user IP repositories specified
INFO: [IP_Flow 19-2313] Loaded Vivado IP repository 'C:/Xilinx/Vivado/2020.1/data/ip'.
update_compile_order -fileset sources_1
open_hw_manager
connect_hw_server -allow_non_jtag
INFO: [Labtools 27-2285] Connecting to hw_server url TCP:localhost:3121
INFO: [Labtools 27-2222] Launching hw_server...
INFO: [Labtools 27-2221] Launch Output:

****** Xilinx hw_server v2020.1
  **** Build date : May 27 2020 at 20:24:38
    ** Copyright 1986-2020 Xilinx, Inc. All Rights Reserved.


INFO: [Labtools 27-3415] Connecting to cs_server url TCP:localhost:3042
INFO: [Labtools 27-3417] Launching cs_server...
INFO: [Labtools 27-2221] Launch Output:


****** Xilinx cs_server v2020.1.0
  **** Build date : May 14 2020-09:10:29
    ** Copyright 2017-2020 Xilinx, Inc. All Rights Reserved.



connect_hw_server: Time (s): cpu = 00:00:01 ; elapsed = 00:00:09 . Memory (MB): peak = 2141.953 ; gain = 0.000
open_hw_target
INFO: [Labtoolstcl 44-466] Opening hw_target localhost:3121/xilinx_tcf/Digilent/210319A43941A
set_property PROGRAM.FILE {E:/pika_ball_sample/pikachu/pika0106.runs/impl_1/lab10.bit} [get_hw_devices xc7a35t_0]
current_hw_device [get_hw_devices xc7a35t_0]
refresh_hw_device -update_hw_probes false [lindex [get_hw_devices xc7a35t_0] 0]
INFO: [Labtools 27-1434] Device xc7a35t (JTAG device index = 0) is programmed with a design that has no supported debug core(s) in it.
set_property PROBES.FILE {} [get_hw_devices xc7a35t_0]
set_property FULL_PROBES.FILE {} [get_hw_devices xc7a35t_0]
set_property PROGRAM.FILE {E:/pika_ball_sample/pikachu/pika0106.runs/impl_1/lab10.bit} [get_hw_devices xc7a35t_0]
program_hw_devices [get_hw_devices xc7a35t_0]
INFO: [Labtools 27-3164] End of startup status: HIGH
refresh_hw_device [lindex [get_hw_devices xc7a35t_0] 0]
INFO: [Labtools 27-1434] Device xc7a35t (JTAG device index = 0) is programmed with a design that has no supported debug core(s) in it.
set_property PROBES.FILE {} [get_hw_devices xc7a35t_0]
set_property FULL_PROBES.FILE {} [get_hw_devices xc7a35t_0]
set_property PROGRAM.FILE {E:/pika_ball_sample/pikachu/pika0106.runs/impl_1/lab10.bit} [get_hw_devices xc7a35t_0]
program_hw_devices [get_hw_devices xc7a35t_0]
INFO: [Labtools 27-3164] End of startup status: HIGH
refresh_hw_device [lindex [get_hw_devices xc7a35t_0] 0]
INFO: [Labtools 27-1434] Device xc7a35t (JTAG device index = 0) is programmed with a design that has no supported debug core(s) in it.
update_compile_order -fileset sources_1
reset_run synth_1
launch_runs impl_1 -to_step write_bitstream -jobs 6
[Thu Jan  7 20:21:44 2021] Launched synth_1...
Run output will be captured here: E:/pika_ball_sample/pikachu/pika0106.runs/synth_1/runme.log
[Thu Jan  7 20:21:44 2021] Launched impl_1...
Run output will be captured here: E:/pika_ball_sample/pikachu/pika0106.runs/impl_1/runme.log
add_files -norecurse E:/pika_ball_sample/pikachu/pika0106.srcs/sources_1/sram_pika_player.v
update_compile_order -fileset sources_1
reset_run synth_1
launch_runs impl_1 -to_step write_bitstream -jobs 6
[Thu Jan  7 20:23:46 2021] Launched synth_1...
Run output will be captured here: E:/pika_ball_sample/pikachu/pika0106.runs/synth_1/runme.log
[Thu Jan  7 20:23:46 2021] Launched impl_1...
Run output will be captured here: E:/pika_ball_sample/pikachu/pika0106.runs/impl_1/runme.log
add_files -norecurse E:/pika_ball_sample/pikachu/pika0106.srcs/sources_1/sram_pika_player.v
WARNING: [filemgmt 56-12] File 'E:/pika_ball_sample/pikachu/pika0106.srcs/sources_1/sram_pika_player.v' cannot be added to the project because it already exists in the project, skipping this file
update_compile_order -fileset sources_1
reset_run synth_1
launch_runs impl_1 -to_step write_bitstream -jobs 6
[Thu Jan  7 20:25:16 2021] Launched synth_1...
Run output will be captured here: E:/pika_ball_sample/pikachu/pika0106.runs/synth_1/runme.log
[Thu Jan  7 20:25:16 2021] Launched impl_1...
Run output will be captured here: E:/pika_ball_sample/pikachu/pika0106.runs/impl_1/runme.log
add_files -norecurse E:/pika_ball_sample/pikachu/pika0106.srcs/sources_1/sram_pika_player.v
WARNING: [filemgmt 56-12] File 'E:/pika_ball_sample/pikachu/pika0106.srcs/sources_1/sram_pika_player.v' cannot be added to the project because it already exists in the project, skipping this file
open_run impl_1
INFO: [Device 21-403] Loading part xc7a35ticsg324-1L
INFO: [Common 17-41] Interrupt caught. Command should exit soon.
Netlist sorting complete. Time (s): cpu = 00:00:00 ; elapsed = 00:00:00.012 . Memory (MB): peak = 2810.504 ; gain = 0.000
INFO: [Netlist 29-17] Analyzing 519 Unisim elements for replacement
INFO: [Netlist 29-28] Unisim Transformation completed in 0 CPU seconds
INFO: [Project 1-479] Netlist was created with Vivado 2020.1
open_run: Time (s): cpu = 00:00:09 ; elapsed = 00:00:20 . Memory (MB): peak = 2810.504 ; gain = 0.000
INFO: [Common 17-344] 'open_run' was cancelled
reset_run synth_1
launch_runs impl_1 -to_step write_bitstream -jobs 6
[Thu Jan  7 20:32:59 2021] Launched synth_1...
Run output will be captured here: E:/pika_ball_sample/pikachu/pika0106.runs/synth_1/runme.log
[Thu Jan  7 20:32:59 2021] Launched impl_1...
Run output will be captured here: E:/pika_ball_sample/pikachu/pika0106.runs/impl_1/runme.log
open_run impl_1
Netlist sorting complete. Time (s): cpu = 00:00:00 ; elapsed = 00:00:00.012 . Memory (MB): peak = 2810.504 ; gain = 0.000
INFO: [Netlist 29-17] Analyzing 519 Unisim elements for replacement
INFO: [Netlist 29-28] Unisim Transformation completed in 0 CPU seconds
INFO: [Project 1-479] Netlist was created with Vivado 2020.1
INFO: [Project 1-570] Preparing netlist for logic optimization
INFO: [Timing 38-478] Restoring timing data from binary archive.
INFO: [Timing 38-479] Binary timing data restore complete.
INFO: [Project 1-856] Restoring constraints from binary archive.
INFO: [Project 1-853] Binary constraint restore complete.
Reading XDEF placement.
Reading placer database...
Reading XDEF routing.
Read XDEF File: Time (s): cpu = 00:00:01 ; elapsed = 00:00:00.370 . Memory (MB): peak = 3369.094 ; gain = 0.000
Restored from archive | CPU: 1.000000 secs | Memory: 0.000000 MB |
Finished XDEF File Restore: Time (s): cpu = 00:00:01 ; elapsed = 00:00:00.371 . Memory (MB): peak = 3369.094 ; gain = 0.000
Netlist sorting complete. Time (s): cpu = 00:00:00 ; elapsed = 00:00:00.002 . Memory (MB): peak = 3369.094 ; gain = 0.000
INFO: [Project 1-111] Unisim Transformation Summary:
  A total of 374 instances were transformed.
  RAM256X1S => RAM256X1S (MUXF7(x2), MUXF8, RAMS64E(x4)): 374 instances

open_run: Time (s): cpu = 00:00:17 ; elapsed = 00:00:13 . Memory (MB): peak = 3369.094 ; gain = 558.590
close_design
set_property PROBES.FILE {} [get_hw_devices xc7a35t_0]
set_property FULL_PROBES.FILE {} [get_hw_devices xc7a35t_0]
set_property PROGRAM.FILE {E:/pika_ball_sample/pikachu/pika0106.runs/impl_1/lab10.bit} [get_hw_devices xc7a35t_0]
program_hw_devices [get_hw_devices xc7a35t_0]
INFO: [Labtools 27-3164] End of startup status: HIGH
refresh_hw_device [lindex [get_hw_devices xc7a35t_0] 0]
INFO: [Labtools 27-1434] Device xc7a35t (JTAG device index = 0) is programmed with a design that has no supported debug core(s) in it.
update_compile_order -fileset sources_1
update_compile_order -fileset sources_1
add_files -norecurse E:/pika_ball_sample/pikachu/pika0106.srcs/sources_1/sram_ball.v
update_compile_order -fileset sources_1
update_compile_order -fileset sources_1
update_compile_order -fileset sources_1
reset_run synth_1
launch_runs impl_1 -to_step write_bitstream -jobs 6
[Thu Jan  7 20:58:24 2021] Launched synth_1...
Run output will be captured here: E:/pika_ball_sample/pikachu/pika0106.runs/synth_1/runme.log
[Thu Jan  7 20:58:24 2021] Launched impl_1...
Run output will be captured here: E:/pika_ball_sample/pikachu/pika0106.runs/impl_1/runme.log
reset_run synth_1
launch_runs impl_1 -to_step write_bitstream -jobs 6
[Thu Jan  7 21:00:30 2021] Launched synth_1...
Run output will be captured here: E:/pika_ball_sample/pikachu/pika0106.runs/synth_1/runme.log
[Thu Jan  7 21:00:30 2021] Launched impl_1...
Run output will be captured here: E:/pika_ball_sample/pikachu/pika0106.runs/impl_1/runme.log
set_property PROBES.FILE {} [get_hw_devices xc7a35t_0]
set_property FULL_PROBES.FILE {} [get_hw_devices xc7a35t_0]
set_property PROGRAM.FILE {E:/pika_ball_sample/pikachu/pika0106.runs/impl_1/lab10.bit} [get_hw_devices xc7a35t_0]
program_hw_devices [get_hw_devices xc7a35t_0]
INFO: [Labtools 27-3164] End of startup status: HIGH
refresh_hw_device [lindex [get_hw_devices xc7a35t_0] 0]
INFO: [Labtools 27-1434] Device xc7a35t (JTAG device index = 0) is programmed with a design that has no supported debug core(s) in it.
reset_run synth_1
launch_runs impl_1 -to_step write_bitstream -jobs 6
[Thu Jan  7 21:06:51 2021] Launched synth_1...
Run output will be captured here: E:/pika_ball_sample/pikachu/pika0106.runs/synth_1/runme.log
[Thu Jan  7 21:06:51 2021] Launched impl_1...
Run output will be captured here: E:/pika_ball_sample/pikachu/pika0106.runs/impl_1/runme.log
reset_run synth_1
launch_runs impl_1 -to_step write_bitstream -jobs 6
[Thu Jan  7 21:15:20 2021] Launched synth_1...
Run output will be captured here: E:/pika_ball_sample/pikachu/pika0106.runs/synth_1/runme.log
[Thu Jan  7 21:15:20 2021] Launched impl_1...
Run output will be captured here: E:/pika_ball_sample/pikachu/pika0106.runs/impl_1/runme.log
set_property PROBES.FILE {} [get_hw_devices xc7a35t_0]
set_property FULL_PROBES.FILE {} [get_hw_devices xc7a35t_0]
set_property PROGRAM.FILE {E:/pika_ball_sample/pikachu/pika0106.runs/impl_1/lab10.bit} [get_hw_devices xc7a35t_0]
program_hw_devices [get_hw_devices xc7a35t_0]
INFO: [Labtools 27-3164] End of startup status: HIGH
refresh_hw_device [lindex [get_hw_devices xc7a35t_0] 0]
INFO: [Labtools 27-1434] Device xc7a35t (JTAG device index = 0) is programmed with a design that has no supported debug core(s) in it.
reset_run synth_1
launch_runs impl_1 -to_step write_bitstream -jobs 6
[Thu Jan  7 22:04:10 2021] Launched synth_1...
Run output will be captured here: E:/pika_ball_sample/pikachu/pika0106.runs/synth_1/runme.log
[Thu Jan  7 22:04:10 2021] Launched impl_1...
Run output will be captured here: E:/pika_ball_sample/pikachu/pika0106.runs/impl_1/runme.log
set_property PROBES.FILE {} [get_hw_devices xc7a35t_0]
set_property FULL_PROBES.FILE {} [get_hw_devices xc7a35t_0]
set_property PROGRAM.FILE {E:/pika_ball_sample/pikachu/pika0106.runs/impl_1/lab10.bit} [get_hw_devices xc7a35t_0]
program_hw_devices [get_hw_devices xc7a35t_0]
INFO: [Labtools 27-3164] End of startup status: HIGH
refresh_hw_device [lindex [get_hw_devices xc7a35t_0] 0]
INFO: [Labtools 27-1434] Device xc7a35t (JTAG device index = 0) is programmed with a design that has no supported debug core(s) in it.
ERROR: [Labtoolstcl 44-513] HW Target shutdown. Closing target: localhost:3121/xilinx_tcf/Digilent/210319A43941A
add_files -norecurse E:/pika_ball_sample/pikachu/pika0106.srcs/sources_1/pokemon.mem
INFO: [Labtoolstcl 44-466] Opening hw_target localhost:3121/xilinx_tcf/Digilent/210319A43941A
INFO: [Labtools 27-1434] Device xc7a35t (JTAG device index = 0) is programmed with a design that has no supported debug core(s) in it.
WARNING: [Labtoolstcl 44-129] No matching hw_ila_data was found.
ERROR: [Labtoolstcl 44-513] HW Target shutdown. Closing target: localhost:3121/xilinx_tcf/Digilent/210319A43941A
export_ip_user_files -of_objects  [get_files E:/pika_ball_sample/pikachu/pika0106.srcs/sources_1/pokemon.mem] -no_script -reset -force -quiet
remove_files  E:/pika_ball_sample/pikachu/pika0106.srcs/sources_1/pokemon.mem
add_files -norecurse E:/pika_ball_sample/pikachu/pika0106.srcs/sources_1/beach.mem
add_files -norecurse E:/pika_ball_sample/pikachu/pika0106.srcs/sources_1/pokemon.mem
INFO: [Labtoolstcl 44-466] Opening hw_target localhost:3121/xilinx_tcf/Digilent/210319A43941A
INFO: [Labtools 27-1434] Device xc7a35t (JTAG device index = 0) is programmed with a design that has no supported debug core(s) in it.
WARNING: [Labtoolstcl 44-129] No matching hw_ila_data was found.
reset_run synth_1
launch_runs impl_1 -to_step write_bitstream -jobs 6
[Fri Jan  8 00:28:19 2021] Launched synth_1...
Run output will be captured here: E:/pika_ball_sample/pikachu/pika0106.runs/synth_1/runme.log
[Fri Jan  8 00:28:19 2021] Launched impl_1...
Run output will be captured here: E:/pika_ball_sample/pikachu/pika0106.runs/impl_1/runme.log
set_property PROBES.FILE {} [get_hw_devices xc7a35t_0]
set_property FULL_PROBES.FILE {} [get_hw_devices xc7a35t_0]
set_property PROGRAM.FILE {E:/pika_ball_sample/pikachu/pika0106.runs/impl_1/lab10.bit} [get_hw_devices xc7a35t_0]
program_hw_devices [get_hw_devices xc7a35t_0]
INFO: [Labtools 27-3164] End of startup status: HIGH
refresh_hw_device [lindex [get_hw_devices xc7a35t_0] 0]
INFO: [Labtools 27-1434] Device xc7a35t (JTAG device index = 0) is programmed with a design that has no supported debug core(s) in it.
reset_run synth_1
launch_runs impl_1 -to_step write_bitstream -jobs 6
[Fri Jan  8 00:51:03 2021] Launched synth_1...
Run output will be captured here: E:/pika_ball_sample/pikachu/pika0106.runs/synth_1/runme.log
[Fri Jan  8 00:51:03 2021] Launched impl_1...
Run output will be captured here: E:/pika_ball_sample/pikachu/pika0106.runs/impl_1/runme.log
set_property PROBES.FILE {} [get_hw_devices xc7a35t_0]
set_property FULL_PROBES.FILE {} [get_hw_devices xc7a35t_0]
set_property PROGRAM.FILE {E:/pika_ball_sample/pikachu/pika0106.runs/impl_1/lab10.bit} [get_hw_devices xc7a35t_0]
program_hw_devices [get_hw_devices xc7a35t_0]
INFO: [Labtools 27-3164] End of startup status: HIGH
refresh_hw_device [lindex [get_hw_devices xc7a35t_0] 0]
INFO: [Labtools 27-1434] Device xc7a35t (JTAG device index = 0) is programmed with a design that has no supported debug core(s) in it.
reset_run synth_1
launch_runs impl_1 -to_step write_bitstream -jobs 6
[Fri Jan  8 00:55:50 2021] Launched synth_1...
Run output will be captured here: E:/pika_ball_sample/pikachu/pika0106.runs/synth_1/runme.log
[Fri Jan  8 00:55:51 2021] Launched impl_1...
Run output will be captured here: E:/pika_ball_sample/pikachu/pika0106.runs/impl_1/runme.log
set_property PROBES.FILE {} [get_hw_devices xc7a35t_0]
set_property FULL_PROBES.FILE {} [get_hw_devices xc7a35t_0]
set_property PROGRAM.FILE {E:/pika_ball_sample/pikachu/pika0106.runs/impl_1/lab10.bit} [get_hw_devices xc7a35t_0]
program_hw_devices [get_hw_devices xc7a35t_0]
INFO: [Labtools 27-3164] End of startup status: HIGH
refresh_hw_device [lindex [get_hw_devices xc7a35t_0] 0]
INFO: [Labtools 27-1434] Device xc7a35t (JTAG device index = 0) is programmed with a design that has no supported debug core(s) in it.
reset_run synth_1
launch_runs impl_1 -to_step write_bitstream -jobs 6
[Fri Jan  8 01:03:39 2021] Launched synth_1...
Run output will be captured here: E:/pika_ball_sample/pikachu/pika0106.runs/synth_1/runme.log
[Fri Jan  8 01:03:39 2021] Launched impl_1...
Run output will be captured here: E:/pika_ball_sample/pikachu/pika0106.runs/impl_1/runme.log
set_property PROBES.FILE {} [get_hw_devices xc7a35t_0]
set_property FULL_PROBES.FILE {} [get_hw_devices xc7a35t_0]
set_property PROGRAM.FILE {E:/pika_ball_sample/pikachu/pika0106.runs/impl_1/lab10.bit} [get_hw_devices xc7a35t_0]
program_hw_devices [get_hw_devices xc7a35t_0]
INFO: [Labtools 27-3164] End of startup status: HIGH
refresh_hw_device [lindex [get_hw_devices xc7a35t_0] 0]
INFO: [Labtools 27-1434] Device xc7a35t (JTAG device index = 0) is programmed with a design that has no supported debug core(s) in it.
set_property PROBES.FILE {} [get_hw_devices xc7a35t_0]
set_property FULL_PROBES.FILE {} [get_hw_devices xc7a35t_0]
set_property PROGRAM.FILE {E:/pika_ball_sample/pikachu/pika0106.runs/impl_1/lab10.bit} [get_hw_devices xc7a35t_0]
program_hw_devices [get_hw_devices xc7a35t_0]
INFO: [Labtools 27-3164] End of startup status: HIGH
refresh_hw_device [lindex [get_hw_devices xc7a35t_0] 0]
INFO: [Labtools 27-1434] Device xc7a35t (JTAG device index = 0) is programmed with a design that has no supported debug core(s) in it.
reset_run synth_1
launch_runs impl_1 -to_step write_bitstream -jobs 6
[Fri Jan  8 01:15:21 2021] Launched synth_1...
Run output will be captured here: E:/pika_ball_sample/pikachu/pika0106.runs/synth_1/runme.log
[Fri Jan  8 01:15:21 2021] Launched impl_1...
Run output will be captured here: E:/pika_ball_sample/pikachu/pika0106.runs/impl_1/runme.log
set_property PROBES.FILE {} [get_hw_devices xc7a35t_0]
set_property FULL_PROBES.FILE {} [get_hw_devices xc7a35t_0]
set_property PROGRAM.FILE {E:/pika_ball_sample/pikachu/pika0106.runs/impl_1/lab10.bit} [get_hw_devices xc7a35t_0]
program_hw_devices [get_hw_devices xc7a35t_0]
INFO: [Labtools 27-3164] End of startup status: HIGH
refresh_hw_device [lindex [get_hw_devices xc7a35t_0] 0]
INFO: [Labtools 27-1434] Device xc7a35t (JTAG device index = 0) is programmed with a design that has no supported debug core(s) in it.
reset_run synth_1
launch_runs impl_1 -to_step write_bitstream -jobs 6
[Fri Jan  8 01:25:48 2021] Launched synth_1...
Run output will be captured here: E:/pika_ball_sample/pikachu/pika0106.runs/synth_1/runme.log
[Fri Jan  8 01:25:49 2021] Launched impl_1...
Run output will be captured here: E:/pika_ball_sample/pikachu/pika0106.runs/impl_1/runme.log
set_property PROBES.FILE {} [get_hw_devices xc7a35t_0]
set_property FULL_PROBES.FILE {} [get_hw_devices xc7a35t_0]
set_property PROGRAM.FILE {E:/pika_ball_sample/pikachu/pika0106.runs/impl_1/lab10.bit} [get_hw_devices xc7a35t_0]
program_hw_devices [get_hw_devices xc7a35t_0]
INFO: [Labtools 27-3164] End of startup status: HIGH
refresh_hw_device [lindex [get_hw_devices xc7a35t_0] 0]
INFO: [Labtools 27-1434] Device xc7a35t (JTAG device index = 0) is programmed with a design that has no supported debug core(s) in it.
reset_run synth_1
launch_runs impl_1 -to_step write_bitstream -jobs 6
[Fri Jan  8 01:34:55 2021] Launched synth_1...
Run output will be captured here: E:/pika_ball_sample/pikachu/pika0106.runs/synth_1/runme.log
[Fri Jan  8 01:34:56 2021] Launched impl_1...
Run output will be captured here: E:/pika_ball_sample/pikachu/pika0106.runs/impl_1/runme.log
reset_run impl_1
reset_run synth_1
launch_runs impl_1 -to_step write_bitstream -jobs 6
[Fri Jan  8 01:36:19 2021] Launched synth_1...
Run output will be captured here: E:/pika_ball_sample/pikachu/pika0106.runs/synth_1/runme.log
[Fri Jan  8 01:36:19 2021] Launched impl_1...
Run output will be captured here: E:/pika_ball_sample/pikachu/pika0106.runs/impl_1/runme.log
set_property PROBES.FILE {} [get_hw_devices xc7a35t_0]
set_property FULL_PROBES.FILE {} [get_hw_devices xc7a35t_0]
set_property PROGRAM.FILE {E:/pika_ball_sample/pikachu/pika0106.runs/impl_1/lab10.bit} [get_hw_devices xc7a35t_0]
program_hw_devices [get_hw_devices xc7a35t_0]
INFO: [Labtools 27-3164] End of startup status: HIGH
refresh_hw_device [lindex [get_hw_devices xc7a35t_0] 0]
INFO: [Labtools 27-1434] Device xc7a35t (JTAG device index = 0) is programmed with a design that has no supported debug core(s) in it.
