#-----------------------------------------------------------
# Vivado v2020.1 (64-bit)
# SW Build 2902540 on Wed May 27 19:54:49 MDT 2020
# IP Build 2902112 on Wed May 27 22:43:36 MDT 2020
# Start of session at: Fri Jan  8 16:17:50 2021
# Process ID: 4636
# Current directory: C:/Users/Shlab_63/Desktop/github/dlab_pikachu_volleyball/control/pikachu_ball
# Command line: vivado.exe -gui_launcher_event rodinguilauncherevent7376 C:\Users\Shlab_63\Desktop\github\dlab_pikachu_volleyball\control\pikachu_ball\pika0106.xpr
# Log file: C:/Users/Shlab_63/Desktop/github/dlab_pikachu_volleyball/control/pikachu_ball/vivado.log
# Journal file: C:/Users/Shlab_63/Desktop/github/dlab_pikachu_volleyball/control/pikachu_ball\vivado.jou
#-----------------------------------------------------------
start_gui
open_project C:/Users/Shlab_63/Desktop/github/dlab_pikachu_volleyball/control/pikachu_ball/pika0106.xpr
Scanning sources...
Finished scanning sources
INFO: [IP_Flow 19-234] Refreshing IP repositories
INFO: [IP_Flow 19-1704] No user IP repositories specified
INFO: [IP_Flow 19-2313] Loaded Vivado IP repository 'C:/Xilinx/Vivado/2020.1/data/ip'.
open_project: Time (s): cpu = 00:00:19 ; elapsed = 00:00:07 . Memory (MB): peak = 1012.602 ; gain = 0.000
update_compile_order -fileset sources_1
update_compile_order -fileset sources_1
reset_run synth_1
WARNING: [Vivado 12-1017] Problems encountered:
1. Failed to delete one or more files in run directory C:/Users/Shlab_63/Desktop/github/dlab_pikachu_volleyball/control/pikachu_ball/pika0106.runs/synth_1

launch_runs impl_1 -to_step write_bitstream -jobs 4
[Fri Jan  8 16:19:57 2021] Launched synth_1...
Run output will be captured here: C:/Users/Shlab_63/Desktop/github/dlab_pikachu_volleyball/control/pikachu_ball/pika0106.runs/synth_1/runme.log
[Fri Jan  8 16:19:57 2021] Launched impl_1...
Run output will be captured here: C:/Users/Shlab_63/Desktop/github/dlab_pikachu_volleyball/control/pikachu_ball/pika0106.runs/impl_1/runme.log
reset_run synth_1
WARNING: [Vivado 12-1017] Problems encountered:
1. Failed to delete one or more files in run directory C:/Users/Shlab_63/Desktop/github/dlab_pikachu_volleyball/control/pikachu_ball/pika0106.runs/synth_1

export_ip_user_files -of_objects  [get_files C:/Users/Shlab_63/Desktop/github/dlab_pikachu_volleyball/control/pikachu_ball/pika0106.srcs/sources_1/sram_pika_player.v] -no_script -reset -force -quiet
remove_files  C:/Users/Shlab_63/Desktop/github/dlab_pikachu_volleyball/control/pikachu_ball/pika0106.srcs/sources_1/sram_pika_player.v
add_files -norecurse C:/Users/Shlab_63/Desktop/github/dlab_pikachu_volleyball/control/pikachu_ball/pika0106.srcs/sources_1/sram_player.v
update_compile_order -fileset sources_1
update_compile_order -fileset sources_1
launch_runs impl_1 -to_step write_bitstream -jobs 4
[Fri Jan  8 16:25:17 2021] Launched synth_1...
Run output will be captured here: C:/Users/Shlab_63/Desktop/github/dlab_pikachu_volleyball/control/pikachu_ball/pika0106.runs/synth_1/runme.log
[Fri Jan  8 16:25:17 2021] Launched impl_1...
Run output will be captured here: C:/Users/Shlab_63/Desktop/github/dlab_pikachu_volleyball/control/pikachu_ball/pika0106.runs/impl_1/runme.log
open_hw_manager
connect_hw_server -allow_non_jtag
INFO: [Labtools 27-2285] Connecting to hw_server url TCP:localhost:3121
INFO: [Labtools 27-3415] Connecting to cs_server url TCP:localhost:3042
INFO: [Labtools 27-3414] Connected to existing cs_server.
open_hw_target
INFO: [Labtoolstcl 44-466] Opening hw_target localhost:3121/xilinx_tcf/Digilent/210319A438DAA
open_hw_target: Time (s): cpu = 00:00:07 ; elapsed = 00:00:06 . Memory (MB): peak = 2189.168 ; gain = 1176.566
set_property PROGRAM.FILE {C:/Users/Shlab_63/Desktop/github/dlab_pikachu_volleyball/control/pikachu_ball/pika0106.runs/impl_1/lab10.bit} [get_hw_devices xc7a35t_0]
current_hw_device [get_hw_devices xc7a35t_0]
refresh_hw_device -update_hw_probes false [lindex [get_hw_devices xc7a35t_0] 0]
INFO: [Labtools 27-1434] Device xc7a35t (JTAG device index = 0) is programmed with a design that has no supported debug core(s) in it.
set_property PROBES.FILE {} [get_hw_devices xc7a35t_0]
set_property FULL_PROBES.FILE {} [get_hw_devices xc7a35t_0]
set_property PROGRAM.FILE {C:/Users/Shlab_63/Desktop/github/dlab_pikachu_volleyball/control/pikachu_ball/pika0106.runs/impl_1/lab10.bit} [get_hw_devices xc7a35t_0]
program_hw_devices [get_hw_devices xc7a35t_0]
INFO: [Labtools 27-3164] End of startup status: HIGH
refresh_hw_device [lindeERROR: [Labtoolstcl 44-513] HW Target shutdown. Closing target: localhost:3121/xilinx_tcf/Digilent/210319A438DAA
exit
INFO: [Common 17-206] Exiting Vivado at Fri Jan  8 16:35:08 2021...
O: [Device 21-403] Loading part xc7a35ticsg324-1L
Netlist sorting complete. Time (s): cpu = 00:00:00 ; elapsed = 00:00:00.026 . Memory (MB): peak = 2495.234 ; gain = 0.000
INFO: [Netlist 29-17] Analyzing 920 Unisim elements for replacement
INFO: [Netlist 29-28] Unisim Transformation completed in 1 CPU seconds
INFO: [Project 1-479] Netlist was created with Vivado 2020.1
INFO: [Project 1-570] Preparing netlist for logic optimization
INFO: [Timing 38-478] Restoring timing data from binary archive.
INFO: [Timing 38-479] Binary timing data restore complete.
INFO: [Project 1-856] Restoring constraints from binary archive.
INFO: [Project 1-853] Binary constraint restore complete.
Reading XDEF placement.
Reading placer database...
Reading XDEF routing.
Read XDEF File: Time (s): cpu = 00:00:01 ; elapsed = 00:00:00.918 . Memory (MB): peak = 3162.023 ; gain = 0.000
Restored from archive | CPU: 1.000000 secs | Memory: 0.000000 MB |
Finished XDEF File Restore: Time (s): cpu = 00:00:01 ; elapsed = 00:00:00.920 . Memory (MB): peak = 3162.023 ; gain = 0.000
Netlist sorting complete. Time (s): cpu = 00:00:00 ; elapsed = 00:00:00.005 . Memory (MB): peak = 3162.023 ; gain = 0.000
INFO: [Project 1-111] Unisim Transformation Summary:
  A total of 691 instances were transformed.
  RAM256X1S => RAM256X1S (MUXF7(x2), MUXF8, RAMS64E(x4)): 691 instances

open_run: Time (s): cpu = 00:00:43 ; elapsed = 00:00:36 . Memory (MB): peak = 3283.867 ; gain = 1070.223
ERROR: [Labtoolstcl 44-513] HW Target shutdown. Closing target: localhost:3121/xilinx_tcf/Digilent/210319A438DAA
reset_run synth_1
launch_runs synth_1 -jobs 4
[Fri Jan  8 16:36:23 2021] Launched synth_1...
Run output will be captured here: C:/Users/Shlab_63/Desktop/github/dlab_pikachu_volleyball/control/pikachu_ball/pika0106.runs/synth_1/runme.log
launch_runs impl_1 -jobs 4
[Fri Jan  8 16:38:00 2021] Launched impl_1...
Run output will be captured here: C:/Users/Shlab_63/Desktop/github/dlab_pikachu_volleyball/control/pikachu_ball/pika0106.runs/impl_1/runme.log
refresh_design
Netlist sorting complete. Time (s): cpu = 00:00:00 ; elapsed = 00:00:00.026 . Memory (MB): peak = 3308.977 ; gain = 0.000
INFO: [Netlist 29-17] Analyzing 920 Unisim elements for replacement
INFO: [Netlist 29-28] Unisim Transformation completed in 1 CPU seconds
INFO: [Project 1-479] Netlist was created with Vivado 2020.1
INFO: [Project 1-570] Preparing netlist for logic optimization
INFO: [Timing 38-478] Restoring timing data from binary archive.
INFO: [Timing 38-479] Binary timing data restore complete.
INFO: [Project 1-856] Restoring constraints from binary archive.
INFO: [Project 1-853] Binary constraint restore complete.
Reading XDEF placement.
Reading placer database...
Reading XDEF routing.
Read XDEF File: Time (s): cpu = 00:00:01 ; elapsed = 00:00:00.903 . Memory (MB): peak = 3308.977 ; gain = 0.000
Restored from archive | CPU: 1.000000 secs | Memory: 0.000000 MB |
Finished XDEF File Restore: Time (s): cpu = 00:00:01 ; elapsed = 00:00:00.904 . Memory (MB): peak = 3308.977 ; gain = 0.000
refresh_design: Time (s): cpu = 00:00:21 ; elapsed = 00:00:12 . Memory (MB): peak = 3367.848 ; gain = 73.246
launch_runs impl_1 -to_step write_bitstream -jobs 4
[Fri Jan  8 16:40:58 2021] Launched impl_1...
Run output will be captured here: C:/Users/Shlab_63/Desktop/github/dlab_pikachu_volleyball/control/pikachu_ball/pika0106.runs/impl_1/runme.log
disconnect_hw_server localhost:3121
connect_hw_server -allow_non_jtag
INFO: [Labtools 27-2285] Connecting to hw_server url TCP:localhost:3121
INFO: [Common 17-41] Interrupt caught. Command should exit soon.
INFO: [Labtools 27-2058] connect_hw_server command cancelled.
connect_hw_server: Time (s): cpu = 00:00:03 ; elapsed = 00:01:19 . Memory (MB): peak = 3837.688 ; gain = 0.000
INFO: [Common 17-344] 'connect_hw_server' was cancelled
connect_hw_server -allow_non_jtag
INFO: [Labtools 27-2285] Connecting to hw_server url TCP:localhost:3121
INFO: [Common 17-41] Interrupt caught. Command should exit soon.
INFO: [Labtools 27-2058] connect_hw_server command cancelled.
connect_hw_server: Time (s): cpu = 00:00:01 ; elapsed = 00:00:09 . Memory (MB): peak = 3838.617 ; gain = 0.000
INFO: [Common 17-344] 'connect_hw_server' was cancelled
connect_hw_server -allow_non_jtag
INFO: [Labtools 27-2285] Connecting to hw_server url TCP:localhost:3121
INFO: [Labtools 27-3415] Connecting to cs_server url TCP:localhost:3042
INFO: [Labtools 27-3417] Launching cs_server...
INFO: [Labtools 27-2221] Launch Output:


****** Xilinx cs_server v2020.1.0
  **** Build date : May 14 2020-09:10:29
    ** Copyright 2017-2020 Xilinx, Inc. All Rights Reserved.



connect_hw_server: Time (s): cpu = 00:00:00 ; elapsed = 00:00:08 . Memory (MB): peak = 3838.617 ; gain = 0.000
open_hw_target
INFO: [Labtoolstcl 44-466] Opening hw_target localhost:3121/xilinx_tcf/Digilent/210319A438DAA
set_property PROGRAM.FILE {C:/Users/Shlab_63/Desktop/github/dlab_pikachu_volleyball/control/pikachu_ball/pika0106.runs/impl_1/lab10.bit} [get_hw_devices xc7a35t_0]
current_hw_device [get_hw_devices xc7a35t_0]
refresh_hw_device -update_hw_probes false [lindex [get_hw_devices xc7a35t_0] 0]
INFO: [Labtools 27-1434] Device xc7a35t (JTAG device index = 0) is programmed with a design that has no supported debug core(s) in it.
set_property PROBES.FILE {} [get_hw_devices xc7a35t_0]
set_property FULL_PROBES.FILE {} [get_hw_devices xc7a35t_0]
set_property PROGRAM.FILE {C:/Users/Shlab_63/Desktop/github/dlab_pikachu_volleyball/control/pikachu_ball/pika0106.runs/impl_1/lab10.bit} [get_hw_devices xc7a35t_0]
program_hw_devices [get_hw_devices xc7a35t_0]
INFO: [Labtools 27-3164] End of startup status: HIGH
refresh_hw_device [lindex [get_hw_devices xc7a35t_0] 0]
INFO: [Labtools 27-1434] Device xc7a35t (JTAG device index = 0) is programmed with a design that has no supported debug core(s) in it.
set_property PROBES.FILE {} [get_hw_devices xc7a35t_0]
set_property FULL_PROBES.FILE {} [get_hw_devices xc7a35t_0]
set_property PROGRAM.FILE {C:/Users/Shlab_63/Desktop/github/dlab_pikachu_volleyball/control/pikachu_ball/pika0106.runs/impl_1/lab10.bit} [get_hw_devices xc7a35t_0]
program_hw_devices [get_hw_devices xc7a35t_0]
INFO: [Labtools 27-3164] End of startup status: HIGH
refresh_hw_device [lindex [get_hw_devices xc7a35t_0] 0]
INFO: [Labtools 27-1434] Device xc7a35t (JTAG device index = 0) is programmed with a design that has no supported debug core(s) in it.
exit
INFO: [Common 17-206] Exiting Vivado at Fri Jan  8 16:47:54 2021...
