#-----------------------------------------------------------
# Vivado v2020.1 (64-bit)
# SW Build 2902540 on Wed May 27 19:54:49 MDT 2020
# IP Build 2902112 on Wed May 27 22:43:36 MDT 2020
# Start of session at: Thu Jan  7 16:22:06 2021
# Process ID: 12720
# Current directory: E:/pika_ball_sample/pikachu/pika0106_2239
# Command line: vivado.exe -gui_launcher_event rodinguilauncherevent6692 E:\pika_ball_sample\pikachu\pika0106_2239\pika0106.xpr
# Log file: E:/pika_ball_sample/pikachu/pika0106_2239/vivado.log
# Journal file: E:/pika_ball_sample/pikachu/pika0106_2239\vivado.jou
#-----------------------------------------------------------
start_gui
open_project E:/pika_ball_sample/pikachu/pika0106_2239/pika0106.xpr
INFO: [Project 1-313] Project file moved from 'C:/Users/Shlab_14/Desktop/nobug/pika0106_2239' since last save.
Scanning sources...
Finished scanning sources
INFO: [IP_Flow 19-234] Refreshing IP repositories
INFO: [IP_Flow 19-1704] No user IP repositories specified
INFO: [IP_Flow 19-2313] Loaded Vivado IP repository 'C:/Xilinx/Vivado/2020.1/data/ip'.
update_compile_order -fileset sources_1
exit
INFO: [Common 17-206] Exiting Vivado at Thu Jan  7 16:23:24 2021...
